Date: 2025-11-14 05:22:58
Name: Dorica mbula 
Email: dorrylmbula2022@gmail.com
Subject: Want to collaborate
Message: involve me
---------------------------
--------------------------
Date: 2025-11-14 05:26:14
Name: Dorica mbula
Email: dorrylmbula2022@gmail.com
Subject: Want to collaborate
Message:
involve me
--------------------------

--------------------------
Date: 2025-11-14 05:26:18
Name: Dorica mbula
Email: dorrylmbula2022@gmail.com
Subject: Want to collaborate
Message:
involve me
--------------------------

--------------------------
Date: 2025-11-14 05:29:03
Name: Dorica mbula
Email: dorrylmbula2022@gmail.com
Subject: Want to collaborate
Message:
involve me
--------------------------

--------------------------
Date: 2025-11-14 05:31:26
Name: Dorica mbula
Email: dorrylmbula2022@gmail.com
Subject: Want to collaborate
Message:
involve me
--------------------------

--------------------------
Date: 2025-11-14 05:31:28
Name: Dorica mbula
Email: dorrylmbula2022@gmail.com
Subject: Want to collaborate
Message:
involve me
--------------------------

--------------------------
Date: 2025-11-14 05:31:28
Name: Dorica mbula
Email: dorrylmbula2022@gmail.com
Subject: Want to collaborate
Message:
involve me
--------------------------

--------------------------
Date: 2025-11-14 05:31:29
Name: Dorica mbula
Email: dorrylmbula2022@gmail.com
Subject: Want to collaborate
Message:
involve me
--------------------------

--------------------------
Date: 2025-11-14 05:31:29
Name: Dorica mbula
Email: dorrylmbula2022@gmail.com
Subject: Want to collaborate
Message:
involve me
--------------------------

--------------------------
Date: 2025-11-14 05:31:29
Name: Dorica mbula
Email: dorrylmbula2022@gmail.com
Subject: Want to collaborate
Message:
involve me
--------------------------

--------------------------
Date: 2025-11-14 05:31:29
Name: Dorica mbula
Email: dorrylmbula2022@gmail.com
Subject: Want to collaborate
Message:
involve me
--------------------------

--------------------------
Date: 2025-11-14 05:31:30
Name: Dorica mbula
Email: dorrylmbula2022@gmail.com
Subject: Want to collaborate
Message:
involve me
--------------------------

--------------------------
Date: 2025-11-14 05:31:36
Name: Dorica mbula
Email: dorrylmbula2022@gmail.com
Subject: Want to collaborate
Message:
involve me
--------------------------

--------------------------
Date: 2025-11-14 05:31:37
Name: Dorica mbula
Email: dorrylmbula2022@gmail.com
Subject: Want to collaborate
Message:
involve me
--------------------------

--------------------------
Date: 2025-11-14 05:32:15
Name: Dorica Mbula
Email: dorrylmbula2022@gmail.com
Subject: Want to collaborate
Message:
involve me
--------------------------

--------------------------
Date: 2025-11-14 05:32:58
Name: Dorica Mbula
Email: dorrylmbula2022@gmail.com
Subject: Want to collaborate
Message:
involve me
--------------------------

--------------------------
Date: 2025-11-14 05:32:59
Name: Dorica Mbula
Email: dorrylmbula2022@gmail.com
Subject: Want to collaborate
Message:
involve me
--------------------------

